生成启动时间为 2020/9/23 9:29:40。
     1>项目“C:\GOG Games\Civilization IV Complete\Civ4\Beyond the Sword\Mods\RFC Dawn of Civilization\DownOfCivilization\Python-2.4.3\PCbuild\make_versioninfo.vcxproj”在节点 2 上(build 个目标)。
     1>InitializeBuildStatus:
         正在创建“.\x86-temp-debug\make_versioninfo\make_versioninfo.unsuccessfulbuild”，因为已指定“AlwaysCreate”。
       ClCompile:
         C:\Program Files (x86)\Microsoft Visual Studio 10.0\VC\bin\CL.exe /c /I..\Include /I..\PC /Zi /nologo /W3 /WX- /Od /Oy- /D WIN32 /D _DEBUG /D _CONSOLE /D _MBCS /Gm- /EHsc /MDd /GS /fp:precise /Zc:wchar_t /Zc:forScope /Fo".\x86-temp-debug\make_versioninfo/" /Fd".\x86-temp-debug\make_versioninfo/vc100.pdb" /FR".\x86-temp-debug\make_versioninfo\\" /Gd /TC /analyze- /errorReport:prompt ..\PC\make_versioninfo.c
         make_versioninfo.c
     1>C:\Program Files (x86)\MSBuild\Microsoft.Cpp\v4.0\Microsoft.CppBuild.targets(990,5): warning MSB8012: TargetPath(C:\GOG Games\Civilization IV Complete\Civ4\Beyond the Sword\Mods\RFC Dawn of Civilization\DownOfCivilization\Python-2.4.3\PCbuild\.\.\make_versioninfo.exe) 与 Linker 的 OutputFile 属性值(C:\GOG Games\Civilization IV Complete\Civ4\Beyond the Sword\Mods\RFC Dawn of Civilization\DownOfCivilization\Python-2.4.3\PCbuild\make_versioninfo_d.exe)不匹配。这可能导致项目生成不正确。若要更正此问题，请确保 $(OutDir)、$(TargetName) 和 $(TargetExt) 属性值与 %(Link.OutputFile) 中指定的值匹配。
     1>C:\Program Files (x86)\MSBuild\Microsoft.Cpp\v4.0\Microsoft.CppBuild.targets(992,5): warning MSB8012: TargetName(make_versioninfo) 与 Linker 的 OutputFile 属性值(make_versioninfo_d)不匹配。这可能导致项目生成不正确。若要更正此问题，请确保 $(OutDir)、$(TargetName) 和 $(TargetExt) 属性值与 %(Link.OutputFile) 中指定的值匹配。
       Link:
         C:\Program Files (x86)\Microsoft Visual Studio 10.0\VC\bin\link.exe /ERRORREPORT:PROMPT /OUT:"./make_versioninfo_d.exe" /INCREMENTAL:NO /NOLOGO odbccp32.lib kernel32.lib user32.lib gdi32.lib winspool.lib comdlg32.lib advapi32.lib shell32.lib ole32.lib oleaut32.lib uuid.lib odbc32.lib odbccp32.lib /MANIFEST /ManifestFile:".\x86-temp-debug\make_versioninfo\make_versioninfo.exe.intermediate.manifest" /MANIFESTUAC:"level='asInvoker' uiAccess='false'" /DEBUG /PDB:".\./make_versioninfo_d.pdb" /SUBSYSTEM:CONSOLE /TLBID:1 /BASE:"0x1d000000" /DYNAMICBASE /NXCOMPAT /IMPLIB:".\.\make_versioninfo.lib" /MACHINE:X86 ".\x86-temp-debug\make_versioninfo/make_versioninfo.obj"
         make_versioninfo.vcxproj -> C:\GOG Games\Civilization IV Complete\Civ4\Beyond the Sword\Mods\RFC Dawn of Civilization\DownOfCivilization\Python-2.4.3\PCbuild\.\.\make_versioninfo.exe
       Manifest:
         C:\Program Files (x86)\Microsoft SDKs\Windows\v7.0A\bin\mt.exe /nologo /verbose /outputresource:"./make_versioninfo_d.exe;#1" /manifest ".\x86-temp-debug\make_versioninfo\make_versioninfo.exe.intermediate.manifest"
       BscMake:
         C:\Program Files (x86)\Microsoft Visual Studio 10.0\VC\bin\bscmake.exe /nologo /o".\.\make_versioninfo.bsc" ".\x86-temp-debug\make_versioninfo\make_versioninfo.sbr"
       CustomBuildStep:
         Description: Performing Custom Build Step
         .\make_versioninfo_d.exe >..\PC\pythonnt_rc_d.h
         
         :VCEnd
       PostBuildEvent:
         make_versioninfo.exe > ..\PC\python_nt_d.h
         :VCEnd
         'make_versioninfo.exe' 不是内部或外部命令，也不是可运行的程序
         或批处理文件。
     1>C:\Program Files (x86)\MSBuild\Microsoft.Cpp\v4.0\Microsoft.CppCommon.targets(113,5): error MSB3073: 命令“make_versioninfo.exe > ..\PC\python_nt_d.h
C:\Program Files (x86)\MSBuild\Microsoft.Cpp\v4.0\Microsoft.CppCommon.targets(113,5): error MSB3073: :VCEnd”已退出，代码为 9009。
     1>已完成生成项目“C:\GOG Games\Civilization IV Complete\Civ4\Beyond the Sword\Mods\RFC Dawn of Civilization\DownOfCivilization\Python-2.4.3\PCbuild\make_versioninfo.vcxproj”(build 个目标)的操作 - 失败。

生成失败。

已用时间 00:00:00.96
