C:\GOG GAMES\CIVILIZATION IV COMPLETE\CIV4\BEYOND THE SWORD\MODS\RFC DAWN OF CIVILIZATION\CVGAMECOREDLL\RELEASE\DOWNOFCIVILIZATION.DLL
C:\GOG Games\Civilization IV Complete\Civ4\Beyond the Sword\Mods\RFC Dawn of Civilization\CvGameCoreDLL\Release\DownOfCivilization.exp
C:\GOG Games\Civilization IV Complete\Civ4\Beyond the Sword\Mods\RFC Dawn of Civilization\CvGameCoreDLL\Release\DownOfCivilization.lib
C:\GOG GAMES\CIVILIZATION IV COMPLETE\CIV4\BEYOND THE SWORD\MODS\RFC DAWN OF CIVILIZATION\CVGAMECOREDLL\RELEASE\DOWNOFCIVILIZATION.PDB
C:\GOG Games\Civilization IV Complete\Civ4\Beyond the Sword\Mods\RFC Dawn of Civilization\DownOfCivilization\Release\cl.command.1.tlog
C:\GOG Games\Civilization IV Complete\Civ4\Beyond the Sword\Mods\RFC Dawn of Civilization\DownOfCivilization\Release\CL.read.1.tlog
C:\GOG Games\Civilization IV Complete\Civ4\Beyond the Sword\Mods\RFC Dawn of Civilization\DownOfCivilization\Release\CL.write.1.tlog
C:\GOG GAMES\CIVILIZATION IV COMPLETE\CIV4\BEYOND THE SWORD\MODS\RFC DAWN OF CIVILIZATION\DOWNOFCIVILIZATION\RELEASE\CVAREAUTILS.OBJ
C:\GOG GAMES\CIVILIZATION IV COMPLETE\CIV4\BEYOND THE SWORD\MODS\RFC DAWN OF CIVILIZATION\DOWNOFCIVILIZATION\RELEASE\CVCONST.OBJ
C:\GOG GAMES\CIVILIZATION IV COMPLETE\CIV4\BEYOND THE SWORD\MODS\RFC DAWN OF CIVILIZATION\DOWNOFCIVILIZATION\RELEASE\CVSTABILITY.OBJ
C:\GOG GAMES\CIVILIZATION IV COMPLETE\CIV4\BEYOND THE SWORD\MODS\RFC DAWN OF CIVILIZATION\DOWNOFCIVILIZATION\RELEASE\CVUTILS.OBJ
C:\GOG GAMES\CIVILIZATION IV COMPLETE\CIV4\BEYOND THE SWORD\MODS\RFC DAWN OF CIVILIZATION\DOWNOFCIVILIZATION\RELEASE\DLLMAIN.OBJ
C:\GOG GAMES\CIVILIZATION IV COMPLETE\CIV4\BEYOND THE SWORD\MODS\RFC DAWN OF CIVILIZATION\DOWNOFCIVILIZATION\RELEASE\DOWNOFCIVILIZATION.DLL.INTERMEDIATE.MANIFEST
C:\GOG GAMES\CIVILIZATION IV COMPLETE\CIV4\BEYOND THE SWORD\MODS\RFC DAWN OF CIVILIZATION\DOWNOFCIVILIZATION\RELEASE\DOWNOFCIVILIZATION.OBJ
C:\GOG Games\Civilization IV Complete\Civ4\Beyond the Sword\Mods\RFC Dawn of Civilization\DownOfCivilization\Release\DownOfCivilization.pch
C:\GOG Games\Civilization IV Complete\Civ4\Beyond the Sword\Mods\RFC Dawn of Civilization\DownOfCivilization\Release\DownOfCivilization.write.1.tlog
C:\GOG Games\Civilization IV Complete\Civ4\Beyond the Sword\Mods\RFC Dawn of Civilization\DownOfCivilization\Release\link.command.1.tlog
C:\GOG Games\Civilization IV Complete\Civ4\Beyond the Sword\Mods\RFC Dawn of Civilization\DownOfCivilization\Release\link.read.1.tlog
C:\GOG Games\Civilization IV Complete\Civ4\Beyond the Sword\Mods\RFC Dawn of Civilization\DownOfCivilization\Release\link.write.1.tlog
C:\GOG Games\Civilization IV Complete\Civ4\Beyond the Sword\Mods\RFC Dawn of Civilization\DownOfCivilization\Release\mt.command.1.tlog
C:\GOG Games\Civilization IV Complete\Civ4\Beyond the Sword\Mods\RFC Dawn of Civilization\DownOfCivilization\Release\mt.read.1.tlog
C:\GOG Games\Civilization IV Complete\Civ4\Beyond the Sword\Mods\RFC Dawn of Civilization\DownOfCivilization\Release\mt.write.1.tlog
C:\GOG GAMES\CIVILIZATION IV COMPLETE\CIV4\BEYOND THE SWORD\MODS\RFC DAWN OF CIVILIZATION\DOWNOFCIVILIZATION\RELEASE\VC100.PDB
