生成启动时间为 2020/9/23 9:33:05。
     1>项目“C:\GOG Games\Civilization IV Complete\Civ4\Beyond the Sword\Mods\RFC Dawn of Civilization\DownOfCivilization\Python-2.4.3\PCbuild\pythonw.vcxproj”在节点 2 上(build 个目标)。
     1>InitializeBuildStatus:
         正在创建“.\x86-temp-release\pythonw\pythonw.unsuccessfulbuild”，因为已指定“AlwaysCreate”。
       ClCompile:
         C:\Program Files (x86)\Microsoft Visual Studio 10.0\VC\bin\CL.exe /c /I..\Include /I..\PC /Zi /nologo /W3 /WX- /O2 /Ob1 /Oy- /D WIN32 /D NDEBUG /D _WINDOWS /GF /Gm- /EHsc /MD /GS /Gy /fp:precise /Zc:wchar_t /Zc:forScope /Fo".\x86-temp-release\pythonw/" /Fd".\x86-temp-release\pythonw/vc100.pdb" /Gd /TC /analyze- /errorReport:prompt ..\PC\WinMain.c
         WinMain.c
       ResourceCompile:
         C:\Program Files (x86)\Microsoft SDKs\Windows\v7.0A\bin\rc.exe /D NDEBUG /l"0x0409" /I\Pyinst\python\PC /nologo /fo".\x86-temp-release\pythonw\python_exe.res" ..\PC\python_exe.rc 
       Link:
         C:\Program Files (x86)\Microsoft Visual Studio 10.0\VC\bin\link.exe /ERRORREPORT:PROMPT /OUT:".\./pythonw.exe" /INCREMENTAL:NO /NOLOGO kernel32.lib user32.lib gdi32.lib winspool.lib comdlg32.lib advapi32.lib shell32.lib ole32.lib oleaut32.lib uuid.lib odbc32.lib odbccp32.lib /MANIFEST /ManifestFile:".\x86-temp-release\pythonw\pythonw.exe.intermediate.manifest" /MANIFESTUAC:"level='asInvoker' uiAccess='false'" /DEBUG /PDB:".\./pythonw.pdb" /SUBSYSTEM:WINDOWS /STACK:"2000000" /TLBID:1 /BASE:"0x1d000000" /DYNAMICBASE /NXCOMPAT /IMPLIB:".\.\pythonw.lib" /MACHINE:X86 ".\x86-temp-release\pythonw\python_exe.res"
         ".\x86-temp-release\pythonw/WinMain.obj"
         "C:\GOG Games\Civilization IV Complete\Civ4\Beyond the Sword\Mods\RFC Dawn of Civilization\DownOfCivilization\Python-2.4.3\PCbuild\python24.lib"
         pythonw.vcxproj -> C:\GOG Games\Civilization IV Complete\Civ4\Beyond the Sword\Mods\RFC Dawn of Civilization\DownOfCivilization\Python-2.4.3\PCbuild\.\.\pythonw.exe
       Manifest:
         C:\Program Files (x86)\Microsoft SDKs\Windows\v7.0A\bin\mt.exe /nologo /verbose /outputresource:".\./pythonw.exe;#1" /manifest ".\x86-temp-release\pythonw\pythonw.exe.intermediate.manifest"
       FinalizeBuildStatus:
         正在删除文件“.\x86-temp-release\pythonw\pythonw.unsuccessfulbuild”。
         正在对“.\x86-temp-release\pythonw\pythonw.lastbuildstate”执行 Touch 任务。
     1>已完成生成项目“C:\GOG Games\Civilization IV Complete\Civ4\Beyond the Sword\Mods\RFC Dawn of Civilization\DownOfCivilization\Python-2.4.3\PCbuild\pythonw.vcxproj”(build 个目标)的操作。

生成成功。

已用时间 00:00:00.71
